array (
  'jwotestProduct' => NULL,
  'score' => 0,
  'comments' => 
  array (
    0 => 
    array (
      'id' => 13443591349,
      'guid' => '21f63253-4b3d-402c-a91d-3a111527d765',
      'content' => '&nbsp;&nbsp;&nbsp;&nbsp;
刚刚收到包裹。包装很严实，价格也还算公道。这已经是好几次在京东自营商城上购买佛山照明节能灯。使用感受还是不错的，尤其是购买京东自营商品，个人厂感受质量是有保证的，应该是正品无疑，可以放心大胆的使用。靠谱。京东快递也很不错，好评多多，好评满满.',
      'vcontent' => '',
      'creationTime' => '2019-11-11 13:40:31',
      'isDelete' => false,
      'isTop' => false,
      'userImageUrl' => 'misc.360buyimg.com/user/myjd-2015/css/i/peisong.jpg',
      'topped' => 0,
      'replyCount' => 0,
      'score' => 5,
      'imageStatus' => 1,
      'usefulVoteCount' => 0,
      'userClient' => 4,
      'discussionId' => 630599199,
      'imageCount' => 2,
      'anonymousFlag' => 0,
      'plusAvailable' => 201,
      'mobileVersion' => '8.3.4',
      'images' => 
      array (
        0 => 
        array (
          'id' => 980062094,
          'imgUrl' => '//img30.360buyimg.com/n0/s128x96_jfs/t1/60608/21/15171/36606/5dc8f44eEc102f9b4/4294298944629a1b.jpg',
          'imgTitle' => '',
          'status' => 0,
        ),
        1 => 
        array (
          'id' => 980062095,
          'imgUrl' => '//img30.360buyimg.com/n0/s128x96_jfs/t1/102500/35/1995/70476/5dc8f44fEc1ece421/9b13d070939e572a.jpg',
          'imgTitle' => '',
          'status' => 0,
        ),
      ),
      'mergeOrderStatus' => 2,
      'productColor' => '3U型23W 10支装 日光色',
      'productSize' => '',
      'textIntegral' => 20,
      'imageIntegral' => 20,
      'extMap' => 
      array (
        'buyCount' => 1,
      ),
      'status' => 1,
      'referenceId' => '5924122',
      'referenceTime' => '2019-10-27 22:33:22',
      'nickname' => 'j***2',
      'replyCount2' => 0,
      'userImage' => 'misc.360buyimg.com/user/myjd-2015/css/i/peisong.jpg',
      'orderId' => 0,
      'integral' => 40,
      'productSales' => '[]',
      'referenceImage' => 'jfs/t12982/365/1311154393/259024/d484c860/5a1e5211N09f6224b.jpg',
      'referenceName' => '佛山照明（FSL）T4节能灯3U-23W-E27大螺口 白光 10支装（量大定制）',
      'firstCategory' => 9855,
      'secondCategory' => 9856,
      'thirdCategory' => 9899,
      'aesPin' => 'NEBiD44YixgxILURjcBknMzafsZy6LEY_tJdydBt_kzvbcy--PfgJCcOgFTdychivhv8WBFvoK_yW0ldqxHgMA',
      'days' => 15,
      'afterDays' => 0,
    ),
    1 => 
    array (
      'id' => 12863202962,
      'guid' => 'a2a6b2cd-18b5-4bfb-9894-c1072821c30e',
      'content' => '非常亮，比23W的亮好多，改造后暖光的和这个可以任选一个开启，根据不同情况开启不同的灯。',
      'creationTime' => '2019-06-09 02:17:02',
      'isDelete' => false,
      'isTop' => false,
      'userImageUrl' => 'storage.360buyimg.com/i.imageUpload/636c6f75647977696e647931343435383732303539343230_sma.jpg',
      'topped' => 0,
      'replyCount' => 0,
      'score' => 5,
      'imageStatus' => 1,
      'usefulVoteCount' => 0,
      'userClient' => 4,
      'discussionId' => 552735063,
      'imageCount' => 3,
      'anonymousFlag' => 0,
      'plusAvailable' => 201,
      'mobileVersion' => '8.1.0',
      'images' => 
      array (
        0 => 
        array (
          'id' => 859933265,
          'imgUrl' => '//img30.360buyimg.com/n0/s128x96_jfs/t1/80887/31/1422/120259/5cfbfb9dEb80b74ea/026e5d7475f7dca1.jpg',
          'imgTitle' => '',
          'status' => 0,
        ),
        1 => 
        array (
          'id' => 859933266,
          'imgUrl' => '//img30.360buyimg.com/n0/s128x96_jfs/t1/78457/9/1455/55275/5cfbfb9dE5beb9024/f8854ab1876a547e.jpg',
          'imgTitle' => '',
          'status' => 0,
        ),
        2 => 
        array (
          'id' => 859933267,
          'imgUrl' => '//img30.360buyimg.com/n0/s128x96_jfs/t1/37196/13/11814/69289/5cfbfb9dEa241d1cf/6a67b062deb40fdf.jpg',
          'imgTitle' => '',
          'status' => 0,
        ),
      ),
      'mergeOrderStatus' => 2,
      'productColor' => '45W 单支装 日光色',
      'productSize' => '',
      'textIntegral' => 10,
      'imageIntegral' => 10,
      'extMap' => 
      array (
        'buyCount' => 1,
      ),
      'status' => 1,
      'referenceId' => '5186631',
      'referenceTime' => '2019-06-07 15:24:45',
      'nickname' => 'c***y',
      'replyCount2' => 0,
      'userImage' => 'storage.360buyimg.com/i.imageUpload/636c6f75647977696e647931343435383732303539343230_sma.jpg',
      'orderId' => 0,
      'integral' => 20,
      'productSales' => '[]',
      'referenceImage' => 'jfs/t12982/365/1311154393/259024/d484c860/5a1e5211N09f6224b.jpg',
      'referenceName' => '佛山照明（FSL）T4节能灯3U-23W-E27大螺口 白光 10支装（量大定制）',
      'firstCategory' => 9855,
      'secondCategory' => 9856,
      'thirdCategory' => 9899,
      'aesPin' => 'YJ6KPN2x0rSciFv_zK5zcumP_Rwa_31hNtaGzQt7NA4OLAm8Z2bgoVlvQLzLJENC-cXRecyjoj_E_kpFDoLz1g',
      'days' => 2,
      'afterDays' => 0,
    ),
    2 => 
    array (
      'id' => 16328663842,
      'guid' => 'ecb42c3ce506230fe10e2e58c77c2ced',
      'content' => '单位里面买的，主要是想买个功率大点的，这款大小和功率刚好匹配，定下来买了30个，两个箱子发的货，包装质量很好，店家也能及时回复问题。',
      'creationTime' => '2021-09-19 14:26:57',
      'isDelete' => false,
      'isTop' => false,
      'userImageUrl' => 'misc.360buyimg.com/user/myjd-2015/css/i/peisong.jpg',
      'topped' => 0,
      'replyCount' => 0,
      'score' => 5,
      'imageStatus' => 1,
      'usefulVoteCount' => 0,
      'userClient' => 4,
      'discussionId' => 967051575,
      'imageCount' => 2,
      'anonymousFlag' => 1,
      'plusAvailable' => 201,
      'mobileVersion' => '10.1.4',
      'images' => 
      array (
        0 => 
        array (
          'id' => 1547444365,
          'imgUrl' => '//img30.360buyimg.com/n0/s128x96_jfs/t1/83162/27/17239/103348/6146d830E9c17e34e/bf5acc25ba98f356.jpg',
          'imgTitle' => '',
          'status' => 0,
        ),
        1 => 
        array (
          'id' => 1547444366,
          'imgUrl' => '//img30.360buyimg.com/n0/s128x96_jfs/t1/197282/3/9195/91371/6146d830Ed487dd0c/62b81f713821bd1a.jpg',
          'imgTitle' => '',
          'status' => 0,
        ),
      ),
      'mergeOrderStatus' => 2,
      'productColor' => 'E27螺口45W',
      'productSize' => '',
      'textIntegral' => 20,
      'imageIntegral' => 20,
      'extMap' => 
      array (
        'buyCount' => 4,
      ),
      'status' => 1,
      'referenceId' => '5186631',
      'referenceTime' => '2021-08-24 11:32:01',
      'nickname' => 'j***1',
      'replyCount2' => 0,
      'userImage' => 'misc.360buyimg.com/user/myjd-2015/css/i/peisong.jpg',
      'orderId' => 0,
      'integral' => 40,
      'productSales' => '[]',
      'referenceImage' => 'jfs/t12982/365/1311154393/259024/d484c860/5a1e5211N09f6224b.jpg',
      'referenceName' => '佛山照明（FSL）T4节能灯3U-23W-E27大螺口 白光 10支装（量大定制）',
      'firstCategory' => 9855,
      'secondCategory' => 9856,
      'thirdCategory' => 9899,
      'aesPin' => NULL,
      'days' => 26,
      'afterDays' => 0,
    ),
    3 => 
    array (
      'id' => 12465562669,
      'guid' => '8c7c2f79-e473-46f2-8230-aa5a17e62a33',
      'content' => '包装很好，灯泡完好没问题，安装上试了，很稳定，没有闪烁，感觉很舒服',
      'creationTime' => '2019-02-19 00:35:32',
      'isDelete' => false,
      'isTop' => false,
      'userImageUrl' => 'misc.360buyimg.com/user/myjd-2015/css/i/peisong.jpg',
      'topped' => 0,
      'replyCount' => 0,
      'score' => 5,
      'usefulVoteCount' => 0,
      'userClient' => 4,
      'anonymousFlag' => 1,
      'plusAvailable' => 201,
      'mobileVersion' => '7.4.0',
      'productColor' => '2U型11W 3支装 日光色',
      'productSize' => '',
      'textIntegral' => 20,
      'extMap' => 
      array (
        'buyCount' => 1,
      ),
      'status' => 1,
      'referenceId' => '5508628',
      'referenceTime' => '2019-02-14 18:46:46',
      'nickname' => '笨***0',
      'replyCount2' => 0,
      'userImage' => 'misc.360buyimg.com/user/myjd-2015/css/i/peisong.jpg',
      'orderId' => 0,
      'integral' => 20,
      'productSales' => '[]',
      'referenceImage' => 'jfs/t12982/365/1311154393/259024/d484c860/5a1e5211N09f6224b.jpg',
      'referenceName' => '佛山照明（FSL）T4节能灯3U-23W-E27大螺口 白光 10支装（量大定制）',
      'firstCategory' => 9855,
      'secondCategory' => 9856,
      'thirdCategory' => 9899,
      'aesPin' => NULL,
      'days' => 5,
      'afterDays' => 0,
    ),
    4 => 
    array (
      'id' => 14364524424,
      'guid' => '1df38cb2-f143-4f32-8f0e-1e3f2dfd9bb7',
      'content' => '用的是佛山照明的灯泡在京东官方自营店购买的之前用的是雷士照明的这款节能灯，佛山照明的灯质量也是非常不错的，所以推荐大家买，亮度非常够，安装也方便还是很满意的京东自营店当天下单第二天就收到了对于这次购物感谢快递小哥的风雨无阻！',
      'creationTime' => '2020-06-30 21:35:27',
      'isDelete' => false,
      'isTop' => false,
      'userImageUrl' => 'storage.360buyimg.com/i.imageUpload/31333739303930383038305f7031363032373736303134393331_sma.jpg',
      'topped' => 0,
      'replyCount' => 0,
      'score' => 5,
      'imageStatus' => 1,
      'usefulVoteCount' => 0,
      'userClient' => 4,
      'discussionId' => 756992308,
      'imageCount' => 1,
      'anonymousFlag' => 0,
      'plusAvailable' => 201,
      'mobileVersion' => '',
      'images' => 
      array (
        0 => 
        array (
          'id' => 1178461326,
          'imgUrl' => '//img30.360buyimg.com/n0/s128x96_jfs/t1/144009/14/1821/12934/5efb3f9eE9739c1a2/00d2aa58c8dce507.jpg',
          'imgTitle' => '',
          'status' => 0,
        ),
      ),
      'mergeOrderStatus' => 2,
      'productColor' => 'E27螺口65W',
      'productSize' => '',
      'textIntegral' => 30,
      'imageIntegral' => 30,
      'extMap' => 
      array (
        'buyCount' => 5,
      ),
      'status' => 1,
      'referenceId' => '5186635',
      'referenceTime' => '2020-06-14 23:03:47',
      'nickname' => '1***0',
      'replyCount2' => 0,
      'userImage' => 'storage.360buyimg.com/i.imageUpload/31333739303930383038305f7031363032373736303134393331_sma.jpg',
      'orderId' => 0,
      'integral' => 60,
      'productSales' => '[]',
      'referenceImage' => 'jfs/t12982/365/1311154393/259024/d484c860/5a1e5211N09f6224b.jpg',
      'referenceName' => '佛山照明（FSL）T4节能灯3U-23W-E27大螺口 白光 10支装（量大定制）',
      'firstCategory' => 9855,
      'secondCategory' => 9856,
      'thirdCategory' => 9899,
      'aesPin' => 'CuSbeb4Lwq_vWa3Kr85oadg5TPcCNo_T85pTojjYIwHHB5sEeMqcrX_k2CwMbgz3wg337DW8gPgdKY6gtubBLg',
      'days' => 16,
      'afterDays' => 0,
    ),
    5 => 
    array (
      'id' => 12543364340,
      'guid' => '471b67a1-9c41-4b6f-90e3-f45c994167eb',
      'content' => '便宜实惠的灯管，很好用，真的非常不错。
送货速度快，一收到马上安装了，真的非常满意。',
      'creationTime' => '2019-03-14 19:54:50',
      'isDelete' => false,
      'isTop' => false,
      'userImageUrl' => 'storage.360buyimg.com/i.imageUpload/baa3d6d0d3ce3532363331343731383233333438343638_sma.jpg',
      'topped' => 0,
      'replyCount' => 0,
      'score' => 5,
      'imageStatus' => 1,
      'usefulVoteCount' => 0,
      'userClient' => 4,
      'discussionId' => 512328421,
      'imageCount' => 3,
      'anonymousFlag' => 0,
      'plusAvailable' => 201,
      'mobileVersion' => '7.4.4',
      'images' => 
      array (
        0 => 
        array (
          'id' => 798298785,
          'imgUrl' => '//img30.360buyimg.com/n0/s128x96_jfs/t1/18888/36/10857/171981/5c8a4106Ea9be4928/abfb1f33f3946c5e.jpg',
          'imgTitle' => '',
          'status' => 0,
        ),
        1 => 
        array (
          'id' => 798298786,
          'imgUrl' => '//img30.360buyimg.com/n0/s128x96_jfs/t1/10178/23/14597/202329/5c8a4108Eb4f2a1be/ca04fc08ba2ad8ff.jpg',
          'imgTitle' => '',
          'status' => 0,
        ),
        2 => 
        array (
          'id' => 798298787,
          'imgUrl' => '//img30.360buyimg.com/n0/s128x96_jfs/t1/18889/25/10904/100975/5c8a4109E94ab8a5b/2dd767083984a523.jpg',
          'imgTitle' => '',
          'status' => 0,
        ),
      ),
      'mergeOrderStatus' => 0,
      'productColor' => '2U型11W 3支装 日光色',
      'productSize' => '',
      'textIntegral' => 20,
      'imageIntegral' => 10,
      'extMap' => 
      array (
        'buyCount' => 5,
      ),
      'status' => 1,
      'referenceId' => '5508628',
      'referenceTime' => '2019-03-10 20:53:30',
      'nickname' => 'j***A',
      'replyCount2' => 0,
      'userImage' => 'storage.360buyimg.com/i.imageUpload/baa3d6d0d3ce3532363331343731383233333438343638_sma.jpg',
      'orderId' => 0,
      'integral' => 30,
      'productSales' => '[]',
      'referenceImage' => 'jfs/t12982/365/1311154393/259024/d484c860/5a1e5211N09f6224b.jpg',
      'referenceName' => '佛山照明（FSL）T4节能灯3U-23W-E27大螺口 白光 10支装（量大定制）',
      'firstCategory' => 9855,
      'secondCategory' => 9856,
      'thirdCategory' => 9899,
      'aesPin' => 'KKsN2226mR8TjpyCyJ3ilKNSm6pmwwnXJzja1xXr3t-aqB7T93Oq1fc3qG1TGe-t0bt5coqM7nR6CRaO6M34Sw',
      'days' => 4,
      'afterDays' => 0,
    ),
    6 => 
    array (
      'id' => 18654031880,
      'guid' => '5b6a6ca0f1e962f789c6047f60c3ded3',
      'content' => '非常好，一起买的，价格便宜，快递又快，京东商城还是非常的专业和贴心!',
      'creationTime' => '2023-01-05 09:49:59',
      'isDelete' => false,
      'isTop' => false,
      'userImageUrl' => 'misc.360buyimg.com/user/myjd-2015/css/i/peisong.jpg',
      'topped' => 0,
      'replyCount' => 0,
      'score' => 5,
      'usefulVoteCount' => 0,
      'userClient' => 0,
      'anonymousFlag' => 1,
      'plusAvailable' => 201,
      'mobileVersion' => '',
      'productColor' => '45W E27',
      'productSize' => '',
      'textIntegral' => 10,
      'extMap' => 
      array (
        'buyCount' => 2,
      ),
      'status' => 1,
      'referenceId' => '5186631',
      'referenceTime' => '2022-12-31 09:57:32',
      'nickname' => '龙***丶',
      'replyCount2' => 0,
      'userImage' => 'misc.360buyimg.com/user/myjd-2015/css/i/peisong.jpg',
      'orderId' => 0,
      'integral' => 10,
      'productSales' => '[]',
      'referenceImage' => 'jfs/t12982/365/1311154393/259024/d484c860/5a1e5211N09f6224b.jpg',
      'referenceName' => '佛山照明（FSL）T4节能灯3U-23W-E27大螺口 白光 10支装（量大定制）',
      'firstCategory' => 9855,
      'secondCategory' => 9856,
      'thirdCategory' => 9899,
      'aesPin' => NULL,
      'days' => 5,
      'afterDays' => 0,
    ),
    7 => 
    array (
      'id' => 12580906248,
      'guid' => '28f7e832-5c7a-4e74-8bfb-6006e5547124',
      'content' => '没打开摇了摇，好像没碎',
      'creationTime' => '2019-03-26 09:00:40',
      'isDelete' => false,
      'isTop' => false,
      'userImageUrl' => 'storage.360buyimg.com/i.imageUpload/79656d696e676368656e3131333837313136333037373939_sma.jpg',
      'topped' => 0,
      'replies' => 
      array (
        0 => 
        array (
          'id' => 442762570,
          'commentId' => 12580906248,
          'venderId' => 0,
          'content' => '好的，',
          'pin' => '佛山照明工业品京东自营旗舰店',
          'userClient' => 103,
          'userImage' => 'misc.360buyimg.com/user/myjd-2015/css/i/peisong.jpg',
          'ip' => '110.251.194.22',
          'productId' => 5924122,
          'replyList' => 
          array (
          ),
          'nickname' => '佛山照明工业品京东自营旗舰店',
          'creationTime' => '2019-03-26 10:11:29',
          'parentId' => 0,
          'targetId' => 0,
          'venderShopInfo' => 
          array (
            'id' => 1000093904,
            'appName' => '//mall.jd.com/index-1000093904.html',
            'title' => '佛山照明工业品京东自营旗舰店',
            'venderId' => 1000093904,
          ),
        ),
      ),
      'replyCount' => 1,
      'score' => 2,
      'usefulVoteCount' => 0,
      'userClient' => 4,
      'anonymousFlag' => 0,
      'plusAvailable' => 201,
      'mobileVersion' => '7.4.4',
      'productColor' => '3U型23W 10支装 日光色',
      'productSize' => '',
      'textIntegral' => 20,
      'extMap' => 
      array (
        'buyCount' => 1,
      ),
      'status' => 1,
      'referenceId' => '5924122',
      'referenceTime' => '2019-03-21 18:23:40',
      'nickname' => '海***鱼',
      'replyCount2' => 1,
      'userImage' => 'storage.360buyimg.com/i.imageUpload/79656d696e676368656e3131333837313136333037373939_sma.jpg',
      'orderId' => 0,
      'integral' => 20,
      'productSales' => '[]',
      'referenceImage' => 'jfs/t12982/365/1311154393/259024/d484c860/5a1e5211N09f6224b.jpg',
      'referenceName' => '佛山照明（FSL）T4节能灯3U-23W-E27大螺口 白光 10支装（量大定制）',
      'firstCategory' => 9855,
      'secondCategory' => 9856,
      'thirdCategory' => 9899,
      'aesPin' => 'gdS2WnE8-Axr4MJ_HyoWE3NIedYNgEUIMaCXr-9BAmuPHc9TW08XHbyO2NhT3M2wJ7w3FHWftSvY9-Ky0caILQ',
      'days' => 5,
      'afterDays' => 0,
    ),
    8 => 
    array (
      'id' => 12340747856,
      'guid' => '0e8b0242-4b49-4073-a968-56034ec69fcd',
      'content' => '现在一年也去不了超巿几趟，只在京东买，不但方便速度也快，最重要的是节约了好多时间，以后还会常买。',
      'creationTime' => '2019-01-05 18:18:56',
      'isDelete' => false,
      'isTop' => false,
      'userImageUrl' => 'storage.360buyimg.com/i.imageUpload/6a645f3532386564336339396265323431343733323034383335303630_sma.jpg',
      'topped' => 0,
      'replyCount' => 0,
      'score' => 5,
      'usefulVoteCount' => 0,
      'userClient' => 2,
      'anonymousFlag' => 1,
      'plusAvailable' => 201,
      'mobileVersion' => '7.2.6',
      'productColor' => '85W 单支装 日光色',
      'productSize' => '',
      'textIntegral' => 20,
      'extMap' => 
      array (
        'buyCount' => 1,
      ),
      'status' => 1,
      'referenceId' => '5186637',
      'referenceTime' => '2018-11-26 18:21:34',
      'nickname' => 'j***i',
      'replyCount2' => 0,
      'userImage' => 'storage.360buyimg.com/i.imageUpload/6a645f3532386564336339396265323431343733323034383335303630_sma.jpg',
      'orderId' => 0,
      'integral' => 20,
      'productSales' => '[]',
      'referenceImage' => 'jfs/t12982/365/1311154393/259024/d484c860/5a1e5211N09f6224b.jpg',
      'referenceName' => '佛山照明（FSL）T4节能灯3U-23W-E27大螺口 白光 10支装（量大定制）',
      'firstCategory' => 9855,
      'secondCategory' => 9856,
      'thirdCategory' => 9899,
      'aesPin' => NULL,
      'days' => 40,
      'afterDays' => 0,
    ),
    9 => 
    array (
      'id' => 17870514420,
      'guid' => '12b07174bee2d085fbe7973ace2b4e56',
      'content' => '可以  就是亮啊  性价比可以物流也很快 ！',
      'creationTime' => '2022-08-04 13:09:33',
      'isDelete' => false,
      'isTop' => false,
      'userImageUrl' => 'storage.360buyimg.com/i.imageUpload/3231373439353539342d38313137363231353634303833313134363030_sma.jpg',
      'topped' => 0,
      'replyCount' => 0,
      'score' => 5,
      'imageStatus' => 1,
      'usefulVoteCount' => 0,
      'userClient' => 2,
      'discussionId' => 1132640376,
      'imageCount' => 2,
      'anonymousFlag' => 1,
      'plusAvailable' => 103,
      'mobileVersion' => '11.0.4',
      'images' => 
      array (
        0 => 
        array (
          'id' => 1855074967,
          'imgUrl' => '//img30.360buyimg.com/n0/s128x96_jfs/t1/75549/30/19879/270717/62eb548dE758ead7d/4522a26196e2d17c.jpg',
          'imgTitle' => '',
          'status' => 0,
        ),
        1 => 
        array (
          'id' => 1855074968,
          'imgUrl' => '//img30.360buyimg.com/n0/s128x96_jfs/t1/24362/17/18204/171111/62eb548dEfbed3bed/38c93f22bb694906.jpg',
          'imgTitle' => '',
          'status' => 0,
        ),
      ),
      'mergeOrderStatus' => 2,
      'productColor' => '105W白光',
      'productSize' => 'E27',
      'textIntegral' => 20,
      'imageIntegral' => 20,
      'extMap' => 
      array (
        'buyCount' => 1,
      ),
      'status' => 1,
      'referenceId' => '100006512106',
      'referenceTime' => '2022-07-19 19:37:29',
      'nickname' => 'j***根',
      'replyCount2' => 0,
      'userImage' => 'storage.360buyimg.com/i.imageUpload/3231373439353539342d38313137363231353634303833313134363030_sma.jpg',
      'orderId' => 0,
      'integral' => 40,
      'productSales' => '[]',
      'referenceImage' => 'jfs/t12982/365/1311154393/259024/d484c860/5a1e5211N09f6224b.jpg',
      'referenceName' => '佛山照明（FSL）T4节能灯3U-23W-E27大螺口 白光 10支装（量大定制）',
      'firstCategory' => 9855,
      'secondCategory' => 9856,
      'thirdCategory' => 9899,
      'aesPin' => NULL,
      'days' => 16,
      'afterDays' => 0,
    ),
  ),
  'soType' => 5,
  'csv' => 'eid=100^^tagid=ALL^^pid=20020^^sku=100052625062^^sversion=1001^^pageSize=4',
  'imageListCount' => 174,
  'hotCommentTagStatistics' => 
  array (
  ),
  'testId' => 'cmt',
  'vTagStatistics' => NULL,
  'maxPage' => 50,
  'productCommentSummary' => 
  array (
    'skuId' => 5924122,
    'averageScore' => 5,
    'defaultGoodCount' => 0,
    'defaultGoodCountStr' => '5000+',
    'commentCount' => 0,
    'commentCountStr' => '5000+',
    'goodCount' => 0,
    'goodCountStr' => '2100+',
    'goodRate' => 0.98999999999999999,
    'goodRateShow' => 99,
    'generalCount' => 0,
    'generalCountStr' => '8',
    'generalRate' => 0.0030000000000000001,
    'generalRateShow' => 0,
    'poorCount' => 0,
    'poorCountStr' => '10+',
    'poorRate' => 0.0070000000000000001,
    'poorRateShow' => 1,
    'videoCount' => 0,
    'videoCountStr' => '4',
    'afterCount' => 0,
    'afterCountStr' => '20+',
    'showCount' => 0,
    'showCountStr' => '100+',
    'oneYear' => 0,
    'sensitiveBook' => 0,
    'fixCount' => 1083,
    'plusCount' => 0,
    'plusCountStr' => '0',
    'buyerShow' => 0,
    'poorRateStyle' => 2,
    'generalRateStyle' => 0,
    'goodRateStyle' => 148,
    'installRate' => 0,
    'productId' => 5924122,
    'score1Count' => 12,
    'score2Count' => 2,
    'score3Count' => 6,
    'score4Count' => 23,
    'score5Count' => 1000,
  ),
  'productAttr' => NULL,
)